FILE_TYPE=LIBRARY_PARTS;
PRIMITIVE 'SM74611KTTR','SM74611KTTR_TO-XXX (Inc. DPAK)';
  PIN
    'ANODE_1':
      PIN_NUMBER='(1)';
      NO_LOAD_CHECK=BOTH;
      NO_IO_CHECK=BOTH;
      ALLOW_CONNECT=TRUE;
      PINUSE='UNSPEC';
    'CATHODE_1':
      PIN_NUMBER='(2)';
      NO_LOAD_CHECK=BOTH;
      NO_IO_CHECK=BOTH;
      ALLOW_CONNECT=TRUE;
      PINUSE='UNSPEC';
    'ANODE_2':
      PIN_NUMBER='(3)';
      NO_LOAD_CHECK=BOTH;
      NO_IO_CHECK=BOTH;
      ALLOW_CONNECT=TRUE;
      PINUSE='UNSPEC';
    'CATHODE_2':
      PIN_NUMBER='(4)';
      NO_LOAD_CHECK=BOTH;
      NO_IO_CHECK=BOTH;
      ALLOW_CONNECT=TRUE;
      PINUSE='UNSPEC';
  END_PIN;
  BODY
    PART_NAME='SM74611KTTR';
    PHYS_DES_PREFIX='D';
    NO_LOAD_CHECK='TRUE';
    PIN_COUNT='4';
    BODY_NAME='SM74611KTTR';
    JEDEC_TYPE='TO254P1524X483-4N';
  END_BODY;
END_PRIMITIVE;
END.
